# JRE version: Java(TM) SE Runtime Environment (8.0_131-b11) (build 1.8.0_131-b11)
# Java VM: Java HotSpot(TM) 64-Bit Server VM (25.131-b11 mixed mode windows-amd64 compressed oops)
Heap:
 PSYoungGen      total 268288K, used 163624K [0x00000000d5f80000, 0x00000000f0400000, 0x0000000100000000)
  eden space 265728K, 61% used [0x00000000d5f80000,0x00000000dfeaa370,0x00000000e6300000)
  from space 2560K, 25% used [0x00000000e6300000,0x00000000e63a0000,0x00000000e6580000)
  to   space 2560K, 0% used [0x00000000f0180000,0x00000000f0180000,0x00000000f0400000)
 ParOldGen       total 87552K, used 1352K [0x0000000081e00000, 0x0000000087380000, 0x00000000d5f80000)
  object space 87552K, 1% used [0x0000000081e00000,0x0000000081f523d8,0x0000000087380000)
 Metaspace       used 11848K, capacity 12089K, committed 12416K, reserved 1060864K
  class space    used 950K, capacity 1042K, committed 1152K, reserved 1048576K
GC Heap History (10 events):
Event: 0.786 GC heap before
{Heap before GC invocations=5 (full 0):
 PSYoungGen      total 71680K, used 68100K [0x00000000d5f80000, 0x00000000daa80000, 0x0000000100000000)
  eden space 66560K, 100% used [0x00000000d5f80000,0x00000000da080000,0x00000000da080000)
  from space 5120K, 30% used [0x00000000da580000,0x00000000da701368,0x00000000daa80000)
  to   space 5120K, 0% used [0x00000000da080000,0x00000000da080000,0x00000000da580000)
 ParOldGen       total 87552K, used 32K [0x0000000081e00000, 0x0000000087380000, 0x00000000d5f80000)
  object space 87552K, 0% used [0x0000000081e00000,0x0000000081e08000,0x0000000087380000)
 Metaspace       used 3772K, capacity 4640K, committed 4864K, reserved 1056768K
  class space    used 412K, capacity 464K, committed 512K, reserved 1048576K
Event: 0.787 GC heap after
Heap after GC invocations=5 (full 0):
 PSYoungGen      total 71680K, used 1652K [0x00000000d5f80000, 0x00000000de580000, 0x0000000100000000)
  eden space 66560K, 0% used [0x00000000d5f80000,0x00000000d5f80000,0x00000000da080000)
  from space 5120K, 32% used [0x00000000da080000,0x00000000da21d378,0x00000000da580000)
  to   space 2048K, 0% used [0x00000000de380000,0x00000000de380000,0x00000000de580000)
 ParOldGen       total 87552K, used 40K [0x0000000081e00000, 0x0000000087380000, 0x00000000d5f80000)
  object space 87552K, 0% used [0x0000000081e00000,0x0000000081e0a000,0x0000000087380000)
 Metaspace       used 3772K, capacity 4640K, committed 4864K, reserved 1056768K
  class space    used 412K, capacity 464K, committed 512K, reserved 1048576K
}
Event: 0.888 GC heap before
{Heap before GC invocations=6 (full 0):
 PSYoungGen      total 71680K, used 68212K [0x00000000d5f80000, 0x00000000de580000, 0x0000000100000000)
  eden space 66560K, 100% used [0x00000000d5f80000,0x00000000da080000,0x00000000da080000)
  from space 5120K, 32% used [0x00000000da080000,0x00000000da21d378,0x00000000da580000)
  to   space 2048K, 0% used [0x00000000de380000,0x00000000de380000,0x00000000de580000)
 ParOldGen       total 87552K, used 40K [0x0000000081e00000, 0x0000000087380000, 0x00000000d5f80000)
  object space 87552K, 0% used [0x0000000081e00000,0x0000000081e0a000,0x0000000087380000)
 Metaspace       used 3779K, capacity 4640K, committed 4864K, reserved 1056768K
  class space    used 412K, capacity 464K, committed 512K, reserved 1048576K
Event: 0.890 GC heap after
Heap after GC invocations=6 (full 0):
 PSYoungGen      total 135168K, used 1556K [0x00000000d5f80000, 0x00000000de580000, 0x0000000100000000)
  eden space 133120K, 0% used [0x00000000d5f80000,0x00000000d5f80000,0x00000000de180000)
  from space 2048K, 76% used [0x00000000de380000,0x00000000de505378,0x00000000de580000)
  to   space 2048K, 0% used [0x00000000de180000,0x00000000de180000,0x00000000de380000)
 ParOldGen       total 87552K, used 48K [0x0000000081e00000, 0x0000000087380000, 0x00000000d5f80000)
  object space 87552K, 0% used [0x0000000081e00000,0x0000000081e0c000,0x0000000087380000)
 Metaspace       used 3779K, capacity 4640K, committed 4864K, reserved 1056768K
  class space    used 412K, capacity 464K, committed 512K, reserved 1048576K
}
Event: 1.149 GC heap before
{Heap before GC invocations=7 (full 0):
 PSYoungGen      total 135168K, used 134676K [0x00000000d5f80000, 0x00000000de580000, 0x0000000100000000)
  eden space 133120K, 100% used [0x00000000d5f80000,0x00000000de180000,0x00000000de180000)
  from space 2048K, 76% used [0x00000000de380000,0x00000000de505378,0x00000000de580000)
  to   space 2048K, 0% used [0x00000000de180000,0x00000000de180000,0x00000000de380000)
 ParOldGen       total 87552K, used 48K [0x0000000081e00000, 0x0000000087380000, 0x00000000d5f80000)
  object space 87552K, 0% used [0x0000000081e00000,0x0000000081e0c000,0x0000000087380000)
 Metaspace       used 4286K, capacity 4672K, committed 4864K, reserved 1056768K
  class space    used 465K, capacity 496K, committed 512K, reserved 1048576K
Event: 1.152 GC heap after
Heap after GC invocations=7 (full 0):
 PSYoungGen      total 135168K, used 672K [0x00000000d5f80000, 0x00000000e6780000, 0x0000000100000000)
  eden space 133120K, 0% used [0x00000000d5f80000,0x00000000d5f80000,0x00000000de180000)
  from space 2048K, 32% used [0x00000000de180000,0x00000000de228000,0x00000000de380000)
  to   space 2048K, 0% used [0x00000000e6580000,0x00000000e6580000,0x00000000e6780000)
 ParOldGen       total 87552K, used 1344K [0x0000000081e00000, 0x0000000087380000, 0x00000000d5f80000)
  object space 87552K, 1% used [0x0000000081e00000,0x0000000081f503d8,0x0000000087380000)
 Metaspace       used 4286K, capacity 4672K, committed 4864K, reserved 1056768K
  class space    used 465K, capacity 496K, committed 512K, reserved 1048576K
}
Event: 1.364 GC heap before
{Heap before GC invocations=8 (full 0):
 PSYoungGen      total 135168K, used 133792K [0x00000000d5f80000, 0x00000000e6780000, 0x0000000100000000)
  eden space 133120K, 100% used [0x00000000d5f80000,0x00000000de180000,0x00000000de180000)
  from space 2048K, 32% used [0x00000000de180000,0x00000000de228000,0x00000000de380000)
  to   space 2048K, 0% used [0x00000000e6580000,0x00000000e6580000,0x00000000e6780000)
 ParOldGen       total 87552K, used 1344K [0x0000000081e00000, 0x0000000087380000, 0x00000000d5f80000)
  object space 87552K, 1% used [0x0000000081e00000,0x0000000081f503d8,0x0000000087380000)
 Metaspace       used 4286K, capacity 4672K, committed 4864K, reserved 1056768K
  class space    used 465K, capacity 496K, committed 512K, reserved 1048576K
Event: 1.367 GC heap after
Heap after GC invocations=8 (full 0):
 PSYoungGen      total 267776K, used 416K [0x00000000d5f80000, 0x00000000e6880000, 0x0000000100000000)
  eden space 265728K, 0% used [0x00000000d5f80000,0x00000000d5f80000,0x00000000e6300000)
  from space 2048K, 20% used [0x00000000e6580000,0x00000000e65e8000,0x00000000e6780000)
  to   space 2560K, 0% used [0x00000000e6300000,0x00000000e6300000,0x00000000e6580000)
 ParOldGen       total 87552K, used 1352K [0x0000000081e00000, 0x0000000087380000, 0x00000000d5f80000)
  object space 87552K, 1% used [0x0000000081e00000,0x0000000081f523d8,0x0000000087380000)
 Metaspace       used 4286K, capacity 4672K, committed 4864K, reserved 1056768K
  class space    used 465K, capacity 496K, committed 512K, reserved 1048576K
}
Event: 1.818 GC heap before
{Heap before GC invocations=9 (full 0):
 PSYoungGen      total 267776K, used 266144K [0x00000000d5f80000, 0x00000000e6880000, 0x0000000100000000)
  eden space 265728K, 100% used [0x00000000d5f80000,0x00000000e6300000,0x00000000e6300000)
  from space 2048K, 20% used [0x00000000e6580000,0x00000000e65e8000,0x00000000e6780000)
  to   space 2560K, 0% used [0x00000000e6300000,0x00000000e6300000,0x00000000e6580000)
 ParOldGen       total 87552K, used 1352K [0x0000000081e00000, 0x0000000087380000, 0x00000000d5f80000)
  object space 87552K, 1% used [0x0000000081e00000,0x0000000081f523d8,0x0000000087380000)
 Metaspace       used 4289K, capacity 4672K, committed 4864K, reserved 1056768K
  class space    used 465K, capacity 496K, committed 512K, reserved 1048576K
Event: 1.819 GC heap after
Heap after GC invocations=9 (full 0):
 PSYoungGen      total 268288K, used 640K [0x00000000d5f80000, 0x00000000f0400000, 0x0000000100000000)
  eden space 265728K, 0% used [0x00000000d5f80000,0x00000000d5f80000,0x00000000e6300000)
  from space 2560K, 25% used [0x00000000e6300000,0x00000000e63a0000,0x00000000e6580000)
  to   space 2560K, 0% used [0x00000000f0180000,0x00000000f0180000,0x00000000f0400000)
 ParOldGen       total 87552K, used 1352K [0x0000000081e00000, 0x0000000087380000, 0x00000000d5f80000)
  object space 87552K, 1% used [0x0000000081e00000,0x0000000081f523d8,0x0000000087380000)
 Metaspace       used 4289K, capacity 4672K, committed 4864K, reserved 1056768K
  class space    used 465K, capacity 496K, committed 512K, reserved 1048576K
}

