# JRE version: Java(TM) SE Runtime Environment (8.0_201-b09) (build 1.8.0_201-b09)
# Java VM: Java HotSpot(TM) 64-Bit Server VM (25.201-b09 mixed mode linux-amd64 compressed oops)
Heap:
 PSYoungGen      total 255488K, used 177200K [0x00000000d7180000, 0x00000000e8e00000, 0x0000000100000000)
  eden space 243200K, 72% used [0x00000000d7180000,0x00000000e1ddc378,0x00000000e5f00000)
  from space 12288K, 5% used [0x00000000e5f00000,0x00000000e5fb0000,0x00000000e6b00000)
  to   space 12800K, 0% used [0x00000000e8180000,0x00000000e8180000,0x00000000e8e00000)
 ParOldGen       total 107008K, used 53191K [0x0000000085400000, 0x000000008bc80000, 0x00000000d7180000)
  object space 107008K, 49% used [0x0000000085400000,0x00000000887f1de0,0x000000008bc80000)
 Metaspace       used 22650K, capacity 22975K, committed 23344K, reserved 1071104K
  class space    used 2412K, capacity 2531K, committed 2608K, reserved 1048576K
GC Heap History (10 events):
Event: 1,932 GC heap before
{Heap before GC invocations=6 (full 0):
 PSYoungGen      total 68608K, used 68577K [0x00000000d7180000, 0x00000000e0580000, 0x0000000100000000)
  eden space 63488K, 100% used [0x00000000d7180000,0x00000000daf80000,0x00000000daf80000)
  from space 5120K, 99% used [0x00000000daf80000,0x00000000db4784a8,0x00000000db480000)
  to   space 12288K, 0% used [0x00000000df980000,0x00000000df980000,0x00000000e0580000)
 ParOldGen       total 84992K, used 51278K [0x0000000085400000, 0x000000008a700000, 0x00000000d7180000)
  object space 84992K, 60% used [0x0000000085400000,0x0000000088613ab8,0x000000008a700000)
 Metaspace       used 17054K, capacity 17369K, committed 17664K, reserved 1064960K
  class space    used 1811K, capacity 1922K, committed 2048K, reserved 1048576K
Event: 1,935 GC heap after
Heap after GC invocations=6 (full 0):
 PSYoungGen      total 139264K, used 5250K [0x00000000d7180000, 0x00000000e0580000, 0x0000000100000000)
  eden space 126976K, 0% used [0x00000000d7180000,0x00000000d7180000,0x00000000ded80000)
  from space 12288K, 42% used [0x00000000df980000,0x00000000dfea0b10,0x00000000e0580000)
  to   space 12288K, 0% used [0x00000000ded80000,0x00000000ded80000,0x00000000df980000)
 ParOldGen       total 84992K, used 51286K [0x0000000085400000, 0x000000008a700000, 0x00000000d7180000)
  object space 84992K, 60% used [0x0000000085400000,0x0000000088615ab8,0x000000008a700000)
 Metaspace       used 17054K, capacity 17369K, committed 17664K, reserved 1064960K
  class space    used 1811K, capacity 1922K, committed 2048K, reserved 1048576K
}
Event: 2,089 GC heap before
{Heap before GC invocations=7 (full 0):
 PSYoungGen      total 139264K, used 61760K [0x00000000d7180000, 0x00000000e0580000, 0x0000000100000000)
  eden space 126976K, 44% used [0x00000000d7180000,0x00000000da8af708,0x00000000ded80000)
  from space 12288K, 42% used [0x00000000df980000,0x00000000dfea0b10,0x00000000e0580000)
  to   space 12288K, 0% used [0x00000000ded80000,0x00000000ded80000,0x00000000df980000)
 ParOldGen       total 84992K, used 51286K [0x0000000085400000, 0x000000008a700000, 0x00000000d7180000)
  object space 84992K, 60% used [0x0000000085400000,0x0000000088615ab8,0x000000008a700000)
 Metaspace       used 20863K, capacity 21145K, committed 21296K, reserved 1069056K
  class space    used 2192K, capacity 2306K, committed 2352K, reserved 1048576K
Event: 2,093 GC heap after
Heap after GC invocations=7 (full 0):
 PSYoungGen      total 139264K, used 5344K [0x00000000d7180000, 0x00000000e8080000, 0x0000000100000000)
  eden space 126976K, 0% used [0x00000000d7180000,0x00000000d7180000,0x00000000ded80000)
  from space 12288K, 43% used [0x00000000ded80000,0x00000000df2b8048,0x00000000df980000)
  to   space 11776K, 0% used [0x00000000e7500000,0x00000000e7500000,0x00000000e8080000)
 ParOldGen       total 84992K, used 54786K [0x0000000085400000, 0x000000008a700000, 0x00000000d7180000)
  object space 84992K, 64% used [0x0000000085400000,0x0000000088980ae0,0x000000008a700000)
 Metaspace       used 20863K, capacity 21145K, committed 21296K, reserved 1069056K
  class space    used 2192K, capacity 2306K, committed 2352K, reserved 1048576K
}
Event: 2,093 GC heap before
{Heap before GC invocations=8 (full 1):
 PSYoungGen      total 139264K, used 5344K [0x00000000d7180000, 0x00000000e8080000, 0x0000000100000000)
  eden space 126976K, 0% used [0x00000000d7180000,0x00000000d7180000,0x00000000ded80000)
  from space 12288K, 43% used [0x00000000ded80000,0x00000000df2b8048,0x00000000df980000)
  to   space 11776K, 0% used [0x00000000e7500000,0x00000000e7500000,0x00000000e8080000)
 ParOldGen       total 84992K, used 54786K [0x0000000085400000, 0x000000008a700000, 0x00000000d7180000)
  object space 84992K, 64% used [0x0000000085400000,0x0000000088980ae0,0x000000008a700000)
 Metaspace       used 20863K, capacity 21145K, committed 21296K, reserved 1069056K
  class space    used 2192K, capacity 2306K, committed 2352K, reserved 1048576K
Event: 2,122 GC heap after
Heap after GC invocations=8 (full 1):
 PSYoungGen      total 139264K, used 0K [0x00000000d7180000, 0x00000000e8080000, 0x0000000100000000)
  eden space 126976K, 0% used [0x00000000d7180000,0x00000000d7180000,0x00000000ded80000)
  from space 12288K, 0% used [0x00000000ded80000,0x00000000ded80000,0x00000000df980000)
  to   space 11776K, 0% used [0x00000000e7500000,0x00000000e7500000,0x00000000e8080000)
 ParOldGen       total 107008K, used 53183K [0x0000000085400000, 0x000000008bc80000, 0x00000000d7180000)
  object space 107008K, 49% used [0x0000000085400000,0x00000000887efde0,0x000000008bc80000)
 Metaspace       used 20863K, capacity 21145K, committed 21296K, reserved 1069056K
  class space    used 2192K, capacity 2306K, committed 2352K, reserved 1048576K
}
Event: 12,328 GC heap before
{Heap before GC invocations=9 (full 1):
 PSYoungGen      total 139264K, used 126976K [0x00000000d7180000, 0x00000000e8080000, 0x0000000100000000)
  eden space 126976K, 100% used [0x00000000d7180000,0x00000000ded80000,0x00000000ded80000)
  from space 12288K, 0% used [0x00000000ded80000,0x00000000ded80000,0x00000000df980000)
  to   space 11776K, 0% used [0x00000000e7500000,0x00000000e7500000,0x00000000e8080000)
 ParOldGen       total 107008K, used 53183K [0x0000000085400000, 0x000000008bc80000, 0x00000000d7180000)
  object space 107008K, 49% used [0x0000000085400000,0x00000000887efde0,0x000000008bc80000)
 Metaspace       used 22614K, capacity 22911K, committed 23088K, reserved 1069056K
  class space    used 2409K, capacity 2531K, committed 2608K, reserved 1048576K
Event: 12,330 GC heap after
Heap after GC invocations=9 (full 1):
 PSYoungGen      total 204288K, used 1829K [0x00000000d7180000, 0x00000000e7700000, 0x0000000100000000)
  eden space 202240K, 0% used [0x00000000d7180000,0x00000000d7180000,0x00000000e3700000)
  from space 2048K, 89% used [0x00000000e7500000,0x00000000e76c95f8,0x00000000e7700000)
  to   space 12288K, 0% used [0x00000000e5f00000,0x00000000e5f00000,0x00000000e6b00000)
 ParOldGen       total 107008K, used 53191K [0x0000000085400000, 0x000000008bc80000, 0x00000000d7180000)
  object space 107008K, 49% used [0x0000000085400000,0x00000000887f1de0,0x000000008bc80000)
 Metaspace       used 22614K, capacity 22911K, committed 23088K, reserved 1069056K
  class space    used 2409K, capacity 2531K, committed 2608K, reserved 1048576K
}
Event: 22,144 GC heap before
{Heap before GC invocations=10 (full 1):
 PSYoungGen      total 204288K, used 204069K [0x00000000d7180000, 0x00000000e7700000, 0x0000000100000000)
  eden space 202240K, 100% used [0x00000000d7180000,0x00000000e3700000,0x00000000e3700000)
  from space 2048K, 89% used [0x00000000e7500000,0x00000000e76c95f8,0x00000000e7700000)
  to   space 12288K, 0% used [0x00000000e5f00000,0x00000000e5f00000,0x00000000e6b00000)
 ParOldGen       total 107008K, used 53191K [0x0000000085400000, 0x000000008bc80000, 0x00000000d7180000)
  object space 107008K, 49% used [0x0000000085400000,0x00000000887f1de0,0x000000008bc80000)
 Metaspace       used 22646K, capacity 22975K, committed 23344K, reserved 1071104K
  class space    used 2412K, capacity 2531K, committed 2608K, reserved 1048576K
Event: 22,146 GC heap after
Heap after GC invocations=10 (full 1):
 PSYoungGen      total 255488K, used 704K [0x00000000d7180000, 0x00000000e8e00000, 0x0000000100000000)
  eden space 243200K, 0% used [0x00000000d7180000,0x00000000d7180000,0x00000000e5f00000)
  from space 12288K, 5% used [0x00000000e5f00000,0x00000000e5fb0000,0x00000000e6b00000)
  to   space 12800K, 0% used [0x00000000e8180000,0x00000000e8180000,0x00000000e8e00000)
 ParOldGen       total 107008K, used 53191K [0x0000000085400000, 0x000000008bc80000, 0x00000000d7180000)
  object space 107008K, 49% used [0x0000000085400000,0x00000000887f1de0,0x000000008bc80000)
 Metaspace       used 22646K, capacity 22975K, committed 23344K, reserved 1071104K
  class space    used 2412K, capacity 2531K, committed 2608K, reserved 1048576K
}

