# JRE version: Java(TM) SE Runtime Environment (8.0_131-b11) (build 1.8.0_131-b11)
# Java VM: Java HotSpot(TM) 64-Bit Server VM (25.131-b11 mixed mode windows-amd64 compressed oops)
Heap:
 PSYoungGen      total 257024K, used 67793K [0x00000000d5f80000, 0x00000000e6680000, 0x0000000100000000)
  eden space 254464K, 25% used [0x00000000d5f80000,0x00000000d9f37b98,0x00000000e5800000)
  from space 2560K, 99% used [0x00000000e6380000,0x00000000e65fc8a0,0x00000000e6600000)
  to   space 512K, 0% used [0x00000000e6600000,0x00000000e6600000,0x00000000e6680000)
 ParOldGen       total 87552K, used 12352K [0x0000000081e00000, 0x0000000087380000, 0x00000000d5f80000)
  object space 87552K, 14% used [0x0000000081e00000,0x0000000082a10200,0x0000000087380000)
 Metaspace       used 11982K, capacity 12225K, committed 12416K, reserved 1060864K
  class space    used 952K, capacity 1042K, committed 1152K, reserved 1048576K
GC Heap History (10 events):
Event: 0.818 GC heap before
{Heap before GC invocations=5 (full 0):
 PSYoungGen      total 71680K, used 68260K [0x00000000d5f80000, 0x00000000daa80000, 0x0000000100000000)
  eden space 66560K, 100% used [0x00000000d5f80000,0x00000000da080000,0x00000000da080000)
  from space 5120K, 33% used [0x00000000da580000,0x00000000da729368,0x00000000daa80000)
  to   space 5120K, 0% used [0x00000000da080000,0x00000000da080000,0x00000000da580000)
 ParOldGen       total 87552K, used 32K [0x0000000081e00000, 0x0000000087380000, 0x00000000d5f80000)
  object space 87552K, 0% used [0x0000000081e00000,0x0000000081e08000,0x0000000087380000)
 Metaspace       used 3773K, capacity 4640K, committed 4864K, reserved 1056768K
  class space    used 412K, capacity 464K, committed 512K, reserved 1048576K
Event: 0.819 GC heap after
Heap after GC invocations=5 (full 0):
 PSYoungGen      total 71680K, used 1540K [0x00000000d5f80000, 0x00000000de580000, 0x0000000100000000)
  eden space 66560K, 0% used [0x00000000d5f80000,0x00000000d5f80000,0x00000000da080000)
  from space 5120K, 30% used [0x00000000da080000,0x00000000da201368,0x00000000da580000)
  to   space 2048K, 0% used [0x00000000de380000,0x00000000de380000,0x00000000de580000)
 ParOldGen       total 87552K, used 40K [0x0000000081e00000, 0x0000000087380000, 0x00000000d5f80000)
  object space 87552K, 0% used [0x0000000081e00000,0x0000000081e0a000,0x0000000087380000)
 Metaspace       used 3773K, capacity 4640K, committed 4864K, reserved 1056768K
  class space    used 412K, capacity 464K, committed 512K, reserved 1048576K
}
Event: 0.919 GC heap before
{Heap before GC invocations=6 (full 0):
 PSYoungGen      total 71680K, used 68100K [0x00000000d5f80000, 0x00000000de580000, 0x0000000100000000)
  eden space 66560K, 100% used [0x00000000d5f80000,0x00000000da080000,0x00000000da080000)
  from space 5120K, 30% used [0x00000000da080000,0x00000000da201368,0x00000000da580000)
  to   space 2048K, 0% used [0x00000000de380000,0x00000000de380000,0x00000000de580000)
 ParOldGen       total 87552K, used 40K [0x0000000081e00000, 0x0000000087380000, 0x00000000d5f80000)
  object space 87552K, 0% used [0x0000000081e00000,0x0000000081e0a000,0x0000000087380000)
 Metaspace       used 3781K, capacity 4640K, committed 4864K, reserved 1056768K
  class space    used 412K, capacity 464K, committed 512K, reserved 1048576K
Event: 0.920 GC heap after
Heap after GC invocations=6 (full 0):
 PSYoungGen      total 135168K, used 1604K [0x00000000d5f80000, 0x00000000de580000, 0x0000000100000000)
  eden space 133120K, 0% used [0x00000000d5f80000,0x00000000d5f80000,0x00000000de180000)
  from space 2048K, 78% used [0x00000000de380000,0x00000000de511368,0x00000000de580000)
  to   space 2048K, 0% used [0x00000000de180000,0x00000000de180000,0x00000000de380000)
 ParOldGen       total 87552K, used 48K [0x0000000081e00000, 0x0000000087380000, 0x00000000d5f80000)
  object space 87552K, 0% used [0x0000000081e00000,0x0000000081e0c000,0x0000000087380000)
 Metaspace       used 3781K, capacity 4640K, committed 4864K, reserved 1056768K
  class space    used 412K, capacity 464K, committed 512K, reserved 1048576K
}
Event: 1.174 GC heap before
{Heap before GC invocations=7 (full 0):
 PSYoungGen      total 135168K, used 134724K [0x00000000d5f80000, 0x00000000de580000, 0x0000000100000000)
  eden space 133120K, 100% used [0x00000000d5f80000,0x00000000de180000,0x00000000de180000)
  from space 2048K, 78% used [0x00000000de380000,0x00000000de511368,0x00000000de580000)
  to   space 2048K, 0% used [0x00000000de180000,0x00000000de180000,0x00000000de380000)
 ParOldGen       total 87552K, used 48K [0x0000000081e00000, 0x0000000087380000, 0x00000000d5f80000)
  object space 87552K, 0% used [0x0000000081e00000,0x0000000081e0c000,0x0000000087380000)
 Metaspace       used 4289K, capacity 4672K, committed 4864K, reserved 1056768K
  class space    used 465K, capacity 496K, committed 512K, reserved 1048576K
Event: 1.178 GC heap after
Heap after GC invocations=7 (full 0):
 PSYoungGen      total 135168K, used 704K [0x00000000d5f80000, 0x00000000e6880000, 0x0000000100000000)
  eden space 133120K, 0% used [0x00000000d5f80000,0x00000000d5f80000,0x00000000de180000)
  from space 2048K, 34% used [0x00000000de180000,0x00000000de230000,0x00000000de380000)
  to   space 2560K, 0% used [0x00000000e6600000,0x00000000e6600000,0x00000000e6880000)
 ParOldGen       total 87552K, used 1356K [0x0000000081e00000, 0x0000000087380000, 0x00000000d5f80000)
  object space 87552K, 1% used [0x0000000081e00000,0x0000000081f533c8,0x0000000087380000)
 Metaspace       used 4289K, capacity 4672K, committed 4864K, reserved 1056768K
  class space    used 465K, capacity 496K, committed 512K, reserved 1048576K
}
Event: 1.386 GC heap before
{Heap before GC invocations=8 (full 0):
 PSYoungGen      total 135168K, used 133824K [0x00000000d5f80000, 0x00000000e6880000, 0x0000000100000000)
  eden space 133120K, 100% used [0x00000000d5f80000,0x00000000de180000,0x00000000de180000)
  from space 2048K, 34% used [0x00000000de180000,0x00000000de230000,0x00000000de380000)
  to   space 2560K, 0% used [0x00000000e6600000,0x00000000e6600000,0x00000000e6880000)
 ParOldGen       total 87552K, used 1356K [0x0000000081e00000, 0x0000000087380000, 0x00000000d5f80000)
  object space 87552K, 1% used [0x0000000081e00000,0x0000000081f533c8,0x0000000087380000)
 Metaspace       used 4289K, capacity 4672K, committed 4864K, reserved 1056768K
  class space    used 465K, capacity 496K, committed 512K, reserved 1048576K
Event: 1.387 GC heap after
Heap after GC invocations=8 (full 0):
 PSYoungGen      total 268800K, used 672K [0x00000000d5f80000, 0x00000000e6880000, 0x0000000100000000)
  eden space 266240K, 0% used [0x00000000d5f80000,0x00000000d5f80000,0x00000000e6380000)
  from space 2560K, 26% used [0x00000000e6600000,0x00000000e66a8000,0x00000000e6880000)
  to   space 2560K, 0% used [0x00000000e6380000,0x00000000e6380000,0x00000000e6600000)
 ParOldGen       total 87552K, used 1380K [0x0000000081e00000, 0x0000000087380000, 0x00000000d5f80000)
  object space 87552K, 1% used [0x0000000081e00000,0x0000000081f593c8,0x0000000087380000)
 Metaspace       used 4289K, capacity 4672K, committed 4864K, reserved 1056768K
  class space    used 465K, capacity 496K, committed 512K, reserved 1048576K
}
Event: 2.693 GC heap before
{Heap before GC invocations=9 (full 0):
 PSYoungGen      total 268800K, used 266912K [0x00000000d5f80000, 0x00000000e6880000, 0x0000000100000000)
  eden space 266240K, 100% used [0x00000000d5f80000,0x00000000e6380000,0x00000000e6380000)
  from space 2560K, 26% used [0x00000000e6600000,0x00000000e66a8000,0x00000000e6880000)
  to   space 2560K, 0% used [0x00000000e6380000,0x00000000e6380000,0x00000000e6600000)
 ParOldGen       total 87552K, used 1380K [0x0000000081e00000, 0x0000000087380000, 0x00000000d5f80000)
  object space 87552K, 1% used [0x0000000081e00000,0x0000000081f593c8,0x0000000087380000)
 Metaspace       used 11713K, capacity 11937K, committed 12032K, reserved 1060864K
  class space    used 931K, capacity 1010K, committed 1024K, reserved 1048576K
Event: 2.701 GC heap after
Heap after GC invocations=9 (full 0):
 PSYoungGen      total 257024K, used 2546K [0x00000000d5f80000, 0x00000000e6680000, 0x0000000100000000)
  eden space 254464K, 0% used [0x00000000d5f80000,0x00000000d5f80000,0x00000000e5800000)
  from space 2560K, 99% used [0x00000000e6380000,0x00000000e65fc8a0,0x00000000e6600000)
  to   space 512K, 0% used [0x00000000e6600000,0x00000000e6600000,0x00000000e6680000)
 ParOldGen       total 87552K, used 12352K [0x0000000081e00000, 0x0000000087380000, 0x00000000d5f80000)
  object space 87552K, 14% used [0x0000000081e00000,0x0000000082a10200,0x0000000087380000)
 Metaspace       used 11713K, capacity 11937K, committed 12032K, reserved 1060864K
  class space    used 931K, capacity 1010K, committed 1024K, reserved 1048576K
}

