# JRE version: Java(TM) SE Runtime Environment (8.0_131-b11) (build 1.8.0_131-b11)
# Java VM: Java HotSpot(TM) 64-Bit Server VM (25.131-b11 mixed mode windows-amd64 compressed oops)
Heap:
 PSYoungGen      total 112640K, used 70320K [0x00000000d5f80000, 0x00000000e6480000, 0x0000000100000000)
  eden space 110080K, 61% used [0x00000000d5f80000,0x00000000da1b4020,0x00000000dcb00000)
  from space 2560K, 98% used [0x00000000e6200000,0x00000000e6478228,0x00000000e6480000)
  to   space 7168K, 0% used [0x00000000e5680000,0x00000000e5680000,0x00000000e5d80000)
 ParOldGen       total 87552K, used 12351K [0x0000000081e00000, 0x0000000087380000, 0x00000000d5f80000)
  object space 87552K, 14% used [0x0000000081e00000,0x0000000082a0fec0,0x0000000087380000)
 Metaspace       used 11853K, capacity 12085K, committed 12416K, reserved 1060864K
  class space    used 950K, capacity 1042K, committed 1152K, reserved 1048576K
GC Heap History (10 events):
Event: 1.449 GC heap before
{Heap before GC invocations=8 (full 0):
 PSYoungGen      total 135168K, used 133760K [0x00000000d5f80000, 0x00000000e6880000, 0x0000000100000000)
  eden space 133120K, 100% used [0x00000000d5f80000,0x00000000de180000,0x00000000de180000)
  from space 2048K, 31% used [0x00000000de180000,0x00000000de220000,0x00000000de380000)
  to   space 2560K, 0% used [0x00000000e6600000,0x00000000e6600000,0x00000000e6880000)
 ParOldGen       total 87552K, used 1356K [0x0000000081e00000, 0x0000000087380000, 0x00000000d5f80000)
  object space 87552K, 1% used [0x0000000081e00000,0x0000000081f533c8,0x0000000087380000)
 Metaspace       used 4287K, capacity 4672K, committed 4864K, reserved 1056768K
  class space    used 465K, capacity 496K, committed 512K, reserved 1048576K
Event: 1.450 GC heap after
Heap after GC invocations=8 (full 0):
 PSYoungGen      total 129024K, used 608K [0x00000000d5f80000, 0x00000000e6700000, 0x0000000100000000)
  eden space 128000K, 0% used [0x00000000d5f80000,0x00000000d5f80000,0x00000000ddc80000)
  from space 1024K, 59% used [0x00000000e6600000,0x00000000e6698000,0x00000000e6700000)
  to   space 2560K, 0% used [0x00000000e6200000,0x00000000e6200000,0x00000000e6480000)
 ParOldGen       total 87552K, used 1372K [0x0000000081e00000, 0x0000000087380000, 0x00000000d5f80000)
  object space 87552K, 1% used [0x0000000081e00000,0x0000000081f573c8,0x0000000087380000)
 Metaspace       used 4287K, capacity 4672K, committed 4864K, reserved 1056768K
  class space    used 465K, capacity 496K, committed 512K, reserved 1048576K
}
Event: 1.652 GC heap before
{Heap before GC invocations=9 (full 0):
 PSYoungGen      total 129024K, used 128608K [0x00000000d5f80000, 0x00000000e6700000, 0x0000000100000000)
  eden space 128000K, 100% used [0x00000000d5f80000,0x00000000ddc80000,0x00000000ddc80000)
  from space 1024K, 59% used [0x00000000e6600000,0x00000000e6698000,0x00000000e6700000)
  to   space 2560K, 0% used [0x00000000e6200000,0x00000000e6200000,0x00000000e6480000)
 ParOldGen       total 87552K, used 1372K [0x0000000081e00000, 0x0000000087380000, 0x00000000d5f80000)
  object space 87552K, 1% used [0x0000000081e00000,0x0000000081f573c8,0x0000000087380000)
 Metaspace       used 4293K, capacity 4672K, committed 4864K, reserved 1056768K
  class space    used 465K, capacity 496K, committed 512K, reserved 1048576K
Event: 1.653 GC heap after
Heap after GC invocations=9 (full 0):
 PSYoungGen      total 124416K, used 576K [0x00000000d5f80000, 0x00000000e6680000, 0x0000000100000000)
  eden space 123392K, 0% used [0x00000000d5f80000,0x00000000d5f80000,0x00000000dd800000)
  from space 1024K, 56% used [0x00000000e6200000,0x00000000e6290000,0x00000000e6300000)
  to   space 2560K, 0% used [0x00000000e6400000,0x00000000e6400000,0x00000000e6680000)
 ParOldGen       total 87552K, used 1372K [0x0000000081e00000, 0x0000000087380000, 0x00000000d5f80000)
  object space 87552K, 1% used [0x0000000081e00000,0x0000000081f573c8,0x0000000087380000)
 Metaspace       used 4293K, capacity 4672K, committed 4864K, reserved 1056768K
  class space    used 465K, capacity 496K, committed 512K, reserved 1048576K
}
Event: 1.822 GC heap before
{Heap before GC invocations=10 (full 0):
 PSYoungGen      total 124416K, used 123968K [0x00000000d5f80000, 0x00000000e6680000, 0x0000000100000000)
  eden space 123392K, 100% used [0x00000000d5f80000,0x00000000dd800000,0x00000000dd800000)
  from space 1024K, 56% used [0x00000000e6200000,0x00000000e6290000,0x00000000e6300000)
  to   space 2560K, 0% used [0x00000000e6400000,0x00000000e6400000,0x00000000e6680000)
 ParOldGen       total 87552K, used 1372K [0x0000000081e00000, 0x0000000087380000, 0x00000000d5f80000)
  object space 87552K, 1% used [0x0000000081e00000,0x0000000081f573c8,0x0000000087380000)
 Metaspace       used 4294K, capacity 4672K, committed 4864K, reserved 1056768K
  class space    used 465K, capacity 496K, committed 512K, reserved 1048576K
Event: 1.823 GC heap after
Heap after GC invocations=10 (full 0):
 PSYoungGen      total 119296K, used 256K [0x00000000d5f80000, 0x00000000e6480000, 0x0000000100000000)
  eden space 118784K, 0% used [0x00000000d5f80000,0x00000000d5f80000,0x00000000dd380000)
  from space 512K, 50% used [0x00000000e6400000,0x00000000e6440000,0x00000000e6480000)
  to   space 2560K, 0% used [0x00000000e5f80000,0x00000000e5f80000,0x00000000e6200000)
 ParOldGen       total 87552K, used 1752K [0x0000000081e00000, 0x0000000087380000, 0x00000000d5f80000)
  object space 87552K, 2% used [0x0000000081e00000,0x0000000081fb63d8,0x0000000087380000)
 Metaspace       used 4294K, capacity 4672K, committed 4864K, reserved 1056768K
  class space    used 465K, capacity 496K, committed 512K, reserved 1048576K
}
Event: 1.989 GC heap before
{Heap before GC invocations=11 (full 0):
 PSYoungGen      total 119296K, used 119040K [0x00000000d5f80000, 0x00000000e6480000, 0x0000000100000000)
  eden space 118784K, 100% used [0x00000000d5f80000,0x00000000dd380000,0x00000000dd380000)
  from space 512K, 50% used [0x00000000e6400000,0x00000000e6440000,0x00000000e6480000)
  to   space 2560K, 0% used [0x00000000e5f80000,0x00000000e5f80000,0x00000000e6200000)
 ParOldGen       total 87552K, used 1752K [0x0000000081e00000, 0x0000000087380000, 0x00000000d5f80000)
  object space 87552K, 2% used [0x0000000081e00000,0x0000000081fb63d8,0x0000000087380000)
 Metaspace       used 4294K, capacity 4672K, committed 4864K, reserved 1056768K
  class space    used 465K, capacity 496K, committed 512K, reserved 1048576K
Event: 1.990 GC heap after
Heap after GC invocations=11 (full 0):
 PSYoungGen      total 116736K, used 224K [0x00000000d5f80000, 0x00000000e6480000, 0x0000000100000000)
  eden space 114176K, 0% used [0x00000000d5f80000,0x00000000d5f80000,0x00000000dcf00000)
  from space 2560K, 8% used [0x00000000e5f80000,0x00000000e5fb8000,0x00000000e6200000)
  to   space 2560K, 0% used [0x00000000e6200000,0x00000000e6200000,0x00000000e6480000)
 ParOldGen       total 87552K, used 1752K [0x0000000081e00000, 0x0000000087380000, 0x00000000d5f80000)
  object space 87552K, 2% used [0x0000000081e00000,0x0000000081fb63d8,0x0000000087380000)
 Metaspace       used 4294K, capacity 4672K, committed 4864K, reserved 1056768K
  class space    used 465K, capacity 496K, committed 512K, reserved 1048576K
}
Event: 3.065 GC heap before
{Heap before GC invocations=12 (full 0):
 PSYoungGen      total 116736K, used 114400K [0x00000000d5f80000, 0x00000000e6480000, 0x0000000100000000)
  eden space 114176K, 100% used [0x00000000d5f80000,0x00000000dcf00000,0x00000000dcf00000)
  from space 2560K, 8% used [0x00000000e5f80000,0x00000000e5fb8000,0x00000000e6200000)
  to   space 2560K, 0% used [0x00000000e6200000,0x00000000e6200000,0x00000000e6480000)
 ParOldGen       total 87552K, used 1752K [0x0000000081e00000, 0x0000000087380000, 0x00000000d5f80000)
  object space 87552K, 2% used [0x0000000081e00000,0x0000000081fb63d8,0x0000000087380000)
 Metaspace       used 11609K, capacity 11797K, committed 12032K, reserved 1060864K
  class space    used 927K, capacity 1010K, committed 1024K, reserved 1048576K
Event: 3.072 GC heap after
Heap after GC invocations=12 (full 0):
 PSYoungGen      total 112640K, used 2528K [0x00000000d5f80000, 0x00000000e6480000, 0x0000000100000000)
  eden space 110080K, 0% used [0x00000000d5f80000,0x00000000d5f80000,0x00000000dcb00000)
  from space 2560K, 98% used [0x00000000e6200000,0x00000000e6478228,0x00000000e6480000)
  to   space 7168K, 0% used [0x00000000e5680000,0x00000000e5680000,0x00000000e5d80000)
 ParOldGen       total 87552K, used 12351K [0x0000000081e00000, 0x0000000087380000, 0x00000000d5f80000)
  object space 87552K, 14% used [0x0000000081e00000,0x0000000082a0fec0,0x0000000087380000)
 Metaspace       used 11609K, capacity 11797K, committed 12032K, reserved 1060864K
  class space    used 927K, capacity 1010K, committed 1024K, reserved 1048576K
}

