# JRE version: Java(TM) SE Runtime Environment (8.0_131-b11) (build 1.8.0_131-b11)
# Java VM: Java HotSpot(TM) 64-Bit Server VM (25.131-b11 mixed mode windows-amd64 compressed oops)
Heap:
 PSYoungGen      total 135168K, used 76352K [0x00000000d5f80000, 0x00000000e7480000, 0x0000000100000000)
  eden space 133120K, 55% used [0x00000000d5f80000,0x00000000da818060,0x00000000de180000)
  from space 2048K, 98% used [0x00000000de180000,0x00000000de378228,0x00000000de380000)
  to   space 8704K, 0% used [0x00000000e6c00000,0x00000000e6c00000,0x00000000e7480000)
 ParOldGen       total 87552K, used 12769K [0x0000000081e00000, 0x0000000087380000, 0x00000000d5f80000)
  object space 87552K, 14% used [0x0000000081e00000,0x0000000082a785d8,0x0000000087380000)
 Metaspace       used 11948K, capacity 12153K, committed 12416K, reserved 1060864K
  class space    used 952K, capacity 1042K, committed 1152K, reserved 1048576K
GC Heap History (10 events):
Event: 0.623 GC heap before
{Heap before GC invocations=3 (full 0):
 PSYoungGen      total 38400K, used 34868K [0x00000000d5f80000, 0x00000000daa80000, 0x0000000100000000)
  eden space 33280K, 100% used [0x00000000d5f80000,0x00000000d8000000,0x00000000d8000000)
  from space 5120K, 31% used [0x00000000d8500000,0x00000000d868d358,0x00000000d8a00000)
  to   space 5120K, 0% used [0x00000000d8000000,0x00000000d8000000,0x00000000d8500000)
 ParOldGen       total 87552K, used 16K [0x0000000081e00000, 0x0000000087380000, 0x00000000d5f80000)
  object space 87552K, 0% used [0x0000000081e00000,0x0000000081e04000,0x0000000087380000)
 Metaspace       used 3769K, capacity 4640K, committed 4864K, reserved 1056768K
  class space    used 412K, capacity 464K, committed 512K, reserved 1048576K
Event: 0.626 GC heap after
Heap after GC invocations=3 (full 0):
 PSYoungGen      total 38400K, used 1476K [0x00000000d5f80000, 0x00000000daa80000, 0x0000000100000000)
  eden space 33280K, 0% used [0x00000000d5f80000,0x00000000d5f80000,0x00000000d8000000)
  from space 5120K, 28% used [0x00000000d8000000,0x00000000d8171368,0x00000000d8500000)
  to   space 5120K, 0% used [0x00000000da580000,0x00000000da580000,0x00000000daa80000)
 ParOldGen       total 87552K, used 24K [0x0000000081e00000, 0x0000000087380000, 0x00000000d5f80000)
  object space 87552K, 0% used [0x0000000081e00000,0x0000000081e06000,0x0000000087380000)
 Metaspace       used 3769K, capacity 4640K, committed 4864K, reserved 1056768K
  class space    used 412K, capacity 464K, committed 512K, reserved 1048576K
}
Event: 0.704 GC heap before
{Heap before GC invocations=4 (full 0):
 PSYoungGen      total 38400K, used 34756K [0x00000000d5f80000, 0x00000000daa80000, 0x0000000100000000)
  eden space 33280K, 100% used [0x00000000d5f80000,0x00000000d8000000,0x00000000d8000000)
  from space 5120K, 28% used [0x00000000d8000000,0x00000000d8171368,0x00000000d8500000)
  to   space 5120K, 0% used [0x00000000da580000,0x00000000da580000,0x00000000daa80000)
 ParOldGen       total 87552K, used 24K [0x0000000081e00000, 0x0000000087380000, 0x00000000d5f80000)
  object space 87552K, 0% used [0x0000000081e00000,0x0000000081e06000,0x0000000087380000)
 Metaspace       used 3770K, capacity 4640K, committed 4864K, reserved 1056768K
  class space    used 412K, capacity 464K, committed 512K, reserved 1048576K
Event: 0.705 GC heap after
Heap after GC invocations=4 (full 0):
 PSYoungGen      total 71680K, used 1556K [0x00000000d5f80000, 0x00000000daa80000, 0x0000000100000000)
  eden space 66560K, 0% used [0x00000000d5f80000,0x00000000d5f80000,0x00000000da080000)
  from space 5120K, 30% used [0x00000000da580000,0x00000000da705358,0x00000000daa80000)
  to   space 5120K, 0% used [0x00000000da080000,0x00000000da080000,0x00000000da580000)
 ParOldGen       total 87552K, used 32K [0x0000000081e00000, 0x0000000087380000, 0x00000000d5f80000)
  object space 87552K, 0% used [0x0000000081e00000,0x0000000081e08000,0x0000000087380000)
 Metaspace       used 3770K, capacity 4640K, committed 4864K, reserved 1056768K
  class space    used 412K, capacity 464K, committed 512K, reserved 1048576K
}
Event: 0.815 GC heap before
{Heap before GC invocations=5 (full 0):
 PSYoungGen      total 71680K, used 68116K [0x00000000d5f80000, 0x00000000daa80000, 0x0000000100000000)
  eden space 66560K, 100% used [0x00000000d5f80000,0x00000000da080000,0x00000000da080000)
  from space 5120K, 30% used [0x00000000da580000,0x00000000da705358,0x00000000daa80000)
  to   space 5120K, 0% used [0x00000000da080000,0x00000000da080000,0x00000000da580000)
 ParOldGen       total 87552K, used 32K [0x0000000081e00000, 0x0000000087380000, 0x00000000d5f80000)
  object space 87552K, 0% used [0x0000000081e00000,0x0000000081e08000,0x0000000087380000)
 Metaspace       used 3772K, capacity 4640K, committed 4864K, reserved 1056768K
  class space    used 412K, capacity 464K, committed 512K, reserved 1048576K
Event: 0.816 GC heap after
Heap after GC invocations=5 (full 0):
 PSYoungGen      total 71680K, used 1652K [0x00000000d5f80000, 0x00000000de580000, 0x0000000100000000)
  eden space 66560K, 0% used [0x00000000d5f80000,0x00000000d5f80000,0x00000000da080000)
  from space 5120K, 32% used [0x00000000da080000,0x00000000da21d358,0x00000000da580000)
  to   space 2048K, 0% used [0x00000000de380000,0x00000000de380000,0x00000000de580000)
 ParOldGen       total 87552K, used 40K [0x0000000081e00000, 0x0000000087380000, 0x00000000d5f80000)
  object space 87552K, 0% used [0x0000000081e00000,0x0000000081e0a000,0x0000000087380000)
 Metaspace       used 3772K, capacity 4640K, committed 4864K, reserved 1056768K
  class space    used 412K, capacity 464K, committed 512K, reserved 1048576K
}
Event: 0.940 GC heap before
{Heap before GC invocations=6 (full 0):
 PSYoungGen      total 71680K, used 68212K [0x00000000d5f80000, 0x00000000de580000, 0x0000000100000000)
  eden space 66560K, 100% used [0x00000000d5f80000,0x00000000da080000,0x00000000da080000)
  from space 5120K, 32% used [0x00000000da080000,0x00000000da21d358,0x00000000da580000)
  to   space 2048K, 0% used [0x00000000de380000,0x00000000de380000,0x00000000de580000)
 ParOldGen       total 87552K, used 40K [0x0000000081e00000, 0x0000000087380000, 0x00000000d5f80000)
  object space 87552K, 0% used [0x0000000081e00000,0x0000000081e0a000,0x0000000087380000)
 Metaspace       used 3779K, capacity 4640K, committed 4864K, reserved 1056768K
  class space    used 412K, capacity 464K, committed 512K, reserved 1048576K
Event: 0.941 GC heap after
Heap after GC invocations=6 (full 0):
 PSYoungGen      total 135168K, used 1524K [0x00000000d5f80000, 0x00000000de580000, 0x0000000100000000)
  eden space 133120K, 0% used [0x00000000d5f80000,0x00000000d5f80000,0x00000000de180000)
  from space 2048K, 74% used [0x00000000de380000,0x00000000de4fd358,0x00000000de580000)
  to   space 2048K, 0% used [0x00000000de180000,0x00000000de180000,0x00000000de380000)
 ParOldGen       total 87552K, used 40K [0x0000000081e00000, 0x0000000087380000, 0x00000000d5f80000)
  object space 87552K, 0% used [0x0000000081e00000,0x0000000081e0a000,0x0000000087380000)
 Metaspace       used 3779K, capacity 4640K, committed 4864K, reserved 1056768K
  class space    used 412K, capacity 464K, committed 512K, reserved 1048576K
}
Event: 2.215 GC heap before
{Heap before GC invocations=7 (full 0):
 PSYoungGen      total 135168K, used 134644K [0x00000000d5f80000, 0x00000000de580000, 0x0000000100000000)
  eden space 133120K, 100% used [0x00000000d5f80000,0x00000000de180000,0x00000000de180000)
  from space 2048K, 74% used [0x00000000de380000,0x00000000de4fd358,0x00000000de580000)
  to   space 2048K, 0% used [0x00000000de180000,0x00000000de180000,0x00000000de380000)
 ParOldGen       total 87552K, used 40K [0x0000000081e00000, 0x0000000087380000, 0x00000000d5f80000)
  object space 87552K, 0% used [0x0000000081e00000,0x0000000081e0a000,0x0000000087380000)
 Metaspace       used 11608K, capacity 11801K, committed 12032K, reserved 1060864K
  class space    used 927K, capacity 1010K, committed 1024K, reserved 1048576K
Event: 2.225 GC heap after
Heap after GC invocations=7 (full 0):
 PSYoungGen      total 135168K, used 2016K [0x00000000d5f80000, 0x00000000e7480000, 0x0000000100000000)
  eden space 133120K, 0% used [0x00000000d5f80000,0x00000000d5f80000,0x00000000de180000)
  from space 2048K, 98% used [0x00000000de180000,0x00000000de378228,0x00000000de380000)
  to   space 8704K, 0% used [0x00000000e6c00000,0x00000000e6c00000,0x00000000e7480000)
 ParOldGen       total 87552K, used 12769K [0x0000000081e00000, 0x0000000087380000, 0x00000000d5f80000)
  object space 87552K, 14% used [0x0000000081e00000,0x0000000082a785d8,0x0000000087380000)
 Metaspace       used 11608K, capacity 11801K, committed 12032K, reserved 1060864K
  class space    used 927K, capacity 1010K, committed 1024K, reserved 1048576K
}

