# JRE version: Java(TM) SE Runtime Environment (8.0_201-b09) (build 1.8.0_201-b09)
# Java VM: Java HotSpot(TM) 64-Bit Server VM (25.201-b09 mixed mode linux-amd64 compressed oops)
Heap:
 PSYoungGen      total 256000K, used 42387K [0x00000000d7180000, 0x00000000f0780000, 0x0000000100000000)
  eden space 253952K, 15% used [0x00000000d7180000,0x00000000d98e76d8,0x00000000e6980000)
  from space 2048K, 99% used [0x00000000e6980000,0x00000000e6b7d8f0,0x00000000e6b80000)
  to   space 4608K, 0% used [0x00000000f0300000,0x00000000f0300000,0x00000000f0780000)
 ParOldGen       total 84992K, used 6111K [0x0000000085400000, 0x000000008a700000, 0x00000000d7180000)
  object space 84992K, 7% used [0x0000000085400000,0x00000000859f7fd0,0x000000008a700000)
 Metaspace       used 10463K, capacity 10665K, committed 11008K, reserved 1058816K
  class space    used 864K, capacity 954K, committed 1024K, reserved 1048576K
GC Heap History (10 events):
Event: 0,961 GC heap before
{Heap before GC invocations=5 (full 0):
 PSYoungGen      total 68608K, used 64658K [0x00000000d7180000, 0x00000000db980000, 0x0000000100000000)
  eden space 63488K, 100% used [0x00000000d7180000,0x00000000daf80000,0x00000000daf80000)
  from space 5120K, 22% used [0x00000000db480000,0x00000000db5a48a0,0x00000000db980000)
  to   space 5120K, 0% used [0x00000000daf80000,0x00000000daf80000,0x00000000db480000)
 ParOldGen       total 84992K, used 24K [0x0000000085400000, 0x000000008a700000, 0x00000000d7180000)
  object space 84992K, 0% used [0x0000000085400000,0x0000000085406000,0x000000008a700000)
 Metaspace       used 3400K, capacity 4600K, committed 4864K, reserved 1056768K
  class space    used 364K, capacity 424K, committed 512K, reserved 1048576K
Event: 0,965 GC heap after
Heap after GC invocations=5 (full 0):
 PSYoungGen      total 68608K, used 1170K [0x00000000d7180000, 0x00000000df180000, 0x0000000100000000)
  eden space 63488K, 0% used [0x00000000d7180000,0x00000000d7180000,0x00000000daf80000)
  from space 5120K, 22% used [0x00000000daf80000,0x00000000db0a48a0,0x00000000db480000)
  to   space 2048K, 0% used [0x00000000def80000,0x00000000def80000,0x00000000df180000)
 ParOldGen       total 84992K, used 32K [0x0000000085400000, 0x000000008a700000, 0x00000000d7180000)
  object space 84992K, 0% used [0x0000000085400000,0x0000000085408000,0x000000008a700000)
 Metaspace       used 3400K, capacity 4600K, committed 4864K, reserved 1056768K
  class space    used 364K, capacity 424K, committed 512K, reserved 1048576K
}
Event: 1,103 GC heap before
{Heap before GC invocations=6 (full 0):
 PSYoungGen      total 68608K, used 64658K [0x00000000d7180000, 0x00000000df180000, 0x0000000100000000)
  eden space 63488K, 100% used [0x00000000d7180000,0x00000000daf80000,0x00000000daf80000)
  from space 5120K, 22% used [0x00000000daf80000,0x00000000db0a48a0,0x00000000db480000)
  to   space 2048K, 0% used [0x00000000def80000,0x00000000def80000,0x00000000df180000)
 ParOldGen       total 84992K, used 32K [0x0000000085400000, 0x000000008a700000, 0x00000000d7180000)
  object space 84992K, 0% used [0x0000000085400000,0x0000000085408000,0x000000008a700000)
 Metaspace       used 3414K, capacity 4600K, committed 4864K, reserved 1056768K
  class space    used 364K, capacity 424K, committed 512K, reserved 1048576K
Event: 1,105 GC heap after
Heap after GC invocations=6 (full 0):
 PSYoungGen      total 129024K, used 1266K [0x00000000d7180000, 0x00000000df180000, 0x0000000100000000)
  eden space 126976K, 0% used [0x00000000d7180000,0x00000000d7180000,0x00000000ded80000)
  from space 2048K, 61% used [0x00000000def80000,0x00000000df0bc8c0,0x00000000df180000)
  to   space 2048K, 0% used [0x00000000ded80000,0x00000000ded80000,0x00000000def80000)
 ParOldGen       total 84992K, used 40K [0x0000000085400000, 0x000000008a700000, 0x00000000d7180000)
  object space 84992K, 0% used [0x0000000085400000,0x000000008540a000,0x000000008a700000)
 Metaspace       used 3414K, capacity 4600K, committed 4864K, reserved 1056768K
  class space    used 364K, capacity 424K, committed 512K, reserved 1048576K
}
Event: 1,447 GC heap before
{Heap before GC invocations=7 (full 0):
 PSYoungGen      total 129024K, used 128242K [0x00000000d7180000, 0x00000000df180000, 0x0000000100000000)
  eden space 126976K, 100% used [0x00000000d7180000,0x00000000ded80000,0x00000000ded80000)
  from space 2048K, 61% used [0x00000000def80000,0x00000000df0bc8c0,0x00000000df180000)
  to   space 2048K, 0% used [0x00000000ded80000,0x00000000ded80000,0x00000000def80000)
 ParOldGen       total 84992K, used 40K [0x0000000085400000, 0x000000008a700000, 0x00000000d7180000)
  object space 84992K, 0% used [0x0000000085400000,0x000000008540a000,0x000000008a700000)
 Metaspace       used 3434K, capacity 4600K, committed 4864K, reserved 1056768K
  class space    used 364K, capacity 424K, committed 512K, reserved 1048576K
Event: 1,450 GC heap after
Heap after GC invocations=7 (full 0):
 PSYoungGen      total 129024K, used 160K [0x00000000d7180000, 0x00000000e6d80000, 0x0000000100000000)
  eden space 126976K, 0% used [0x00000000d7180000,0x00000000d7180000,0x00000000ded80000)
  from space 2048K, 7% used [0x00000000ded80000,0x00000000deda8000,0x00000000def80000)
  to   space 2048K, 0% used [0x00000000e6b80000,0x00000000e6b80000,0x00000000e6d80000)
 ParOldGen       total 84992K, used 1102K [0x0000000085400000, 0x000000008a700000, 0x00000000d7180000)
  object space 84992K, 1% used [0x0000000085400000,0x0000000085513920,0x000000008a700000)
 Metaspace       used 3434K, capacity 4600K, committed 4864K, reserved 1056768K
  class space    used 364K, capacity 424K, committed 512K, reserved 1048576K
}
Event: 1,701 GC heap before
{Heap before GC invocations=8 (full 0):
 PSYoungGen      total 129024K, used 127136K [0x00000000d7180000, 0x00000000e6d80000, 0x0000000100000000)
  eden space 126976K, 100% used [0x00000000d7180000,0x00000000ded80000,0x00000000ded80000)
  from space 2048K, 7% used [0x00000000ded80000,0x00000000deda8000,0x00000000def80000)
  to   space 2048K, 0% used [0x00000000e6b80000,0x00000000e6b80000,0x00000000e6d80000)
 ParOldGen       total 84992K, used 1102K [0x0000000085400000, 0x000000008a700000, 0x00000000d7180000)
  object space 84992K, 1% used [0x0000000085400000,0x0000000085513920,0x000000008a700000)
 Metaspace       used 3922K, capacity 4640K, committed 4864K, reserved 1056768K
  class space    used 419K, capacity 464K, committed 512K, reserved 1048576K
Event: 1,703 GC heap after
Heap after GC invocations=8 (full 0):
 PSYoungGen      total 256000K, used 480K [0x00000000d7180000, 0x00000000e6d80000, 0x0000000100000000)
  eden space 253952K, 0% used [0x00000000d7180000,0x00000000d7180000,0x00000000e6980000)
  from space 2048K, 23% used [0x00000000e6b80000,0x00000000e6bf8000,0x00000000e6d80000)
  to   space 2048K, 0% used [0x00000000e6980000,0x00000000e6980000,0x00000000e6b80000)
 ParOldGen       total 84992K, used 1118K [0x0000000085400000, 0x000000008a700000, 0x00000000d7180000)
  object space 84992K, 1% used [0x0000000085400000,0x0000000085517920,0x000000008a700000)
 Metaspace       used 3922K, capacity 4640K, committed 4864K, reserved 1056768K
  class space    used 419K, capacity 464K, committed 512K, reserved 1048576K
}
Event: 3,040 GC heap before
{Heap before GC invocations=9 (full 0):
 PSYoungGen      total 256000K, used 254432K [0x00000000d7180000, 0x00000000e6d80000, 0x0000000100000000)
  eden space 253952K, 100% used [0x00000000d7180000,0x00000000e6980000,0x00000000e6980000)
  from space 2048K, 23% used [0x00000000e6b80000,0x00000000e6bf8000,0x00000000e6d80000)
  to   space 2048K, 0% used [0x00000000e6980000,0x00000000e6980000,0x00000000e6b80000)
 ParOldGen       total 84992K, used 1118K [0x0000000085400000, 0x000000008a700000, 0x00000000d7180000)
  object space 84992K, 1% used [0x0000000085400000,0x0000000085517920,0x000000008a700000)
 Metaspace       used 9959K, capacity 10133K, committed 10368K, reserved 1058816K
  class space    used 819K, capacity 882K, committed 896K, reserved 1048576K
Event: 3,064 GC heap after
Heap after GC invocations=9 (full 0):
 PSYoungGen      total 256000K, used 2038K [0x00000000d7180000, 0x00000000f0780000, 0x0000000100000000)
  eden space 253952K, 0% used [0x00000000d7180000,0x00000000d7180000,0x00000000e6980000)
  from space 2048K, 99% used [0x00000000e6980000,0x00000000e6b7d8f0,0x00000000e6b80000)
  to   space 4608K, 0% used [0x00000000f0300000,0x00000000f0300000,0x00000000f0780000)
 ParOldGen       total 84992K, used 6111K [0x0000000085400000, 0x000000008a700000, 0x00000000d7180000)
  object space 84992K, 7% used [0x0000000085400000,0x00000000859f7fd0,0x000000008a700000)
 Metaspace       used 9959K, capacity 10133K, committed 10368K, reserved 1058816K
  class space    used 819K, capacity 882K, committed 896K, reserved 1048576K
}

